2023/01/04 21:29:45 This is a test log entry
2023/01/04 21:29:47 [00100101|00010001|00110000|00010000|00010101|00100101|00010110|00010001|00110000|01000000|11111111|11111111|11111111|11111111|10101010|00001110|00010010|11111111|00000011|11111010]
2023/01/04 21:29:47  NPC   PC    SC   REGA   REGB    CMDREG      MEMREG   MEM16REG       BUS
2023/01/04 21:29:47 [ 0 ] [ 0 ] [ 0 ] [ 0 ] [ 0 ] [ 00000000 ]  [ 00000000 ]  [ 00000000 ] [ 11111111 ]
2023/01/04 21:29:47  AIE AOE BIE BOE MIE MOE MVE M16 CIE COE PMI PMO PMC
2023/01/04 21:29:47  [0] [0] [0] [0] [0] [0] [0] [0] [0] [0] [0] [1] [0]
2023/01/04 21:29:47 ---------------------------------------------------------------------------
2023/01/04 21:29:49 [00100101|00010001|00110000|00010000|00010101|00100101|00010110|00010001|00110000|01000000|11111111|11111111|11111111|11111111|10101010|00001110|00010010|11111111|00000011|11111010]
2023/01/04 21:29:49  NPC   PC    SC   REGA   REGB    CMDREG      MEMREG   MEM16REG       BUS
2023/01/04 21:29:49 [ 0 ] [ 0 ] [ 1 ] [ 0 ] [ 0 ] [ 00000000 ]  [ 00000000 ]  [ 00000000 ] [ 00000000 ]
2023/01/04 21:29:49  AIE AOE BIE BOE MIE MOE MVE M16 CIE COE PMI PMO PMC
2023/01/04 21:29:49  [0] [0] [0] [0] [1] [0] [0] [0] [0] [0] [0] [0] [0]
2023/01/04 21:29:49 ---------------------------------------------------------------------------
2023/01/04 21:29:51 [00100101|00010001|00110000|00010000|00010101|00100101|00010110|00010001|00110000|01000000|11111111|11111111|11111111|11111111|10101010|00001110|00010010|11111111|00000011|11111010]
2023/01/04 21:29:51  NPC   PC    SC   REGA   REGB    CMDREG      MEMREG   MEM16REG       BUS
2023/01/04 21:29:51 [ 0 ] [ 0 ] [ 2 ] [ 0 ] [ 0 ] [ 00000000 ]  [ 00000000 ]  [ 10100001 ] [ 00000000 ]
2023/01/04 21:29:51  AIE AOE BIE BOE MIE MOE MVE M16 CIE COE PMI PMO PMC
2023/01/04 21:29:51  [0] [0] [0] [0] [0] [1] [0] [0] [0] [0] [0] [0] [0]
2023/01/04 21:29:51 ---------------------------------------------------------------------------
2023/01/04 21:29:53 [00100101|00010001|00110000|00010000|00010101|00100101|00010110|00010001|00110000|01000000|11111111|11111111|11111111|11111111|10101010|00001110|00010010|11111111|00000011|11111010]
2023/01/04 21:29:53  NPC   PC    SC   REGA   REGB    CMDREG      MEMREG   MEM16REG       BUS
2023/01/04 21:29:53 [ 0 ] [ 0 ] [ 3 ] [ 0 ] [ 0 ] [ 00000000 ]  [ 00000000 ]  [ 10100001 ] [ 00100101 ]
2023/01/04 21:29:53  AIE AOE BIE BOE MIE MOE MVE M16 CIE COE PMI PMO PMC
2023/01/04 21:29:53  [0] [0] [0] [0] [0] [0] [0] [0] [1] [0] [0] [0] [0]
2023/01/04 21:29:53 ---------------------------------------------------------------------------
2023/01/04 21:29:55 [00100101|00010001|00110000|00010000|00010101|00100101|00010110|00010001|00110000|01000000|11111111|11111111|11111111|11111111|10101010|00001110|00010010|11111111|00000011|11111010]
2023/01/04 21:29:55  NPC   PC    SC   REGA   REGB    CMDREG      MEMREG   MEM16REG       BUS
2023/01/04 21:29:55 [ 0 ] [ 0 ] [ 4 ] [ 0 ] [ 0 ] [ 00000010 ]  [ 00000000 ]  [ 10100001 ] [ 00100101 ]
2023/01/04 21:29:55  AIE AOE BIE BOE MIE MOE MVE M16 CIE COE PMI PMO PMC
2023/01/04 21:29:55  [0] [0] [0] [0] [1] [0] [0] [1] [0] [0] [0] [0] [0]
2023/01/04 21:29:55 ---------------------------------------------------------------------------
2023/01/04 21:29:57 [00100101|00010001|00110000|00010000|00010101|00100101|00010110|00010001|00110000|01000000|11111111|11111111|11111111|11111111|10101010|00001110|00010010|11111111|00000011|11111010]
2023/01/04 21:29:57  NPC   PC    SC   REGA   REGB    CMDREG      MEMREG   MEM16REG       BUS
2023/01/04 21:29:57 [ 0 ] [ 0 ] [ 5 ] [ 0 ] [ 0 ] [ 00000010 ]  [ 00000101 ]  [ 10100001 ] [ 00100101 ]
2023/01/04 21:29:57  AIE AOE BIE BOE MIE MOE MVE M16 CIE COE PMI PMO PMC
2023/01/04 21:29:57  [0] [0] [0] [0] [0] [1] [1] [0] [0] [0] [0] [0] [0]
2023/01/04 21:29:57 ---------------------------------------------------------------------------
2023/01/04 21:29:59 [00100101|00010001|00110000|00010000|00010101|00100101|00010110|00010001|00110000|01000000|11111111|11111111|11111111|11111111|10101010|00001110|00010010|11111111|00000011|11111010]
2023/01/04 21:29:59  NPC   PC    SC   REGA   REGB    CMDREG      MEMREG   MEM16REG       BUS
2023/01/04 21:29:59 [ 0 ] [ 0 ] [ 6 ] [ 0 ] [ 0 ] [ 00000010 ]  [ 00000101 ]  [ 10100001 ] [ 11111010 ]
2023/01/04 21:29:59  AIE AOE BIE BOE MIE MOE MVE M16 CIE COE PMI PMO PMC
2023/01/04 21:29:59  [0] [0] [1] [0] [0] [0] [0] [0] [0] [0] [0] [0] [0]
2023/01/04 21:29:59 ---------------------------------------------------------------------------
2023/01/04 21:30:01 [00100101|00010001|00110000|00010000|00010101|00100101|00010110|00010001|00110000|01000000|11111111|11111111|11111111|11111111|10101010|00001110|00010010|11111111|00000011|11111010]
2023/01/04 21:30:01  NPC   PC    SC   REGA   REGB    CMDREG      MEMREG   MEM16REG       BUS
2023/01/04 21:30:01 [ 0 ] [ 0 ] [ 7 ] [ 0 ] [ fa ] [ 00000010 ]  [ 00000101 ]  [ 10100001 ] [ 11111010 ]
2023/01/04 21:30:01  AIE AOE BIE BOE MIE MOE MVE M16 CIE COE PMI PMO PMC
2023/01/04 21:30:01  [0] [0] [0] [0] [0] [0] [0] [0] [0] [0] [0] [0] [0]
2023/01/04 21:30:01 ---------------------------------------------------------------------------
2023/01/04 21:30:03 [00100101|00010001|00110000|00010000|00010101|00100101|00010110|00010001|00110000|01000000|11111111|11111111|11111111|11111111|10101010|00001110|00010010|11111111|00000011|11111010]
2023/01/04 21:30:03  NPC   PC    SC   REGA   REGB    CMDREG      MEMREG   MEM16REG       BUS
2023/01/04 21:30:03 [ 1 ] [ 1 ] [ 0 ] [ 0 ] [ fa ] [ 00000010 ]  [ 00000101 ]  [ 10100001 ] [ 11111010 ]
2023/01/04 21:30:03  AIE AOE BIE BOE MIE MOE MVE M16 CIE COE PMI PMO PMC
2023/01/04 21:30:03  [0] [0] [0] [0] [0] [0] [0] [0] [0] [0] [0] [1] [0]
2023/01/04 21:30:03 ---------------------------------------------------------------------------
2023/01/04 21:30:05 [00100101|00010001|00110000|00010000|00010101|00100101|00010110|00010001|00110000|01000000|11111111|11111111|11111111|11111111|10101010|00001110|00010010|11111111|00000011|11111010]
2023/01/04 21:30:05  NPC   PC    SC   REGA   REGB    CMDREG      MEMREG   MEM16REG       BUS
2023/01/04 21:30:05 [ 1 ] [ 1 ] [ 1 ] [ 0 ] [ fa ] [ 00000010 ]  [ 00000101 ]  [ 10100001 ] [ 00000001 ]
2023/01/04 21:30:05  AIE AOE BIE BOE MIE MOE MVE M16 CIE COE PMI PMO PMC
2023/01/04 21:30:05  [0] [0] [0] [0] [1] [0] [0] [0] [0] [0] [0] [0] [0]
2023/01/04 21:30:05 ---------------------------------------------------------------------------
2023/01/04 21:30:07 [00100101|00010001|00110000|00010000|00010101|00100101|00010110|00010001|00110000|01000000|11111111|11111111|11111111|11111111|10101010|00001110|00010010|11111111|00000011|11111010]
2023/01/04 21:30:07  NPC   PC    SC   REGA   REGB    CMDREG      MEMREG   MEM16REG       BUS
2023/01/04 21:30:07 [ 1 ] [ 1 ] [ 2 ] [ 0 ] [ fa ] [ 00000010 ]  [ 00000001 ]  [ 10110001 ] [ 00000001 ]
2023/01/04 21:30:07  AIE AOE BIE BOE MIE MOE MVE M16 CIE COE PMI PMO PMC
2023/01/04 21:30:07  [0] [0] [0] [0] [0] [1] [0] [0] [0] [0] [0] [0] [0]
2023/01/04 21:30:07 ---------------------------------------------------------------------------
2023/01/04 21:30:09 [00100101|00010001|00110000|00010000|00010101|00100101|00010110|00010001|00110000|01000000|11111111|11111111|11111111|11111111|10101010|00001110|00010010|11111111|00000011|11111010]
2023/01/04 21:30:09  NPC   PC    SC   REGA   REGB    CMDREG      MEMREG   MEM16REG       BUS
2023/01/04 21:30:09 [ 1 ] [ 1 ] [ 3 ] [ 0 ] [ fa ] [ 00000010 ]  [ 00000001 ]  [ 10110001 ] [ 00010001 ]
2023/01/04 21:30:09  AIE AOE BIE BOE MIE MOE MVE M16 CIE COE PMI PMO PMC
2023/01/04 21:30:09  [0] [0] [0] [0] [0] [0] [0] [0] [1] [0] [0] [0] [0]
2023/01/04 21:30:09 ---------------------------------------------------------------------------
2023/01/04 21:30:11 [00100101|00010001|00110000|00010000|00010101|00100101|00010110|00010001|00110000|01000000|11111111|11111111|11111111|11111111|10101010|00001110|00010010|11111111|00000011|11111010]
2023/01/04 21:30:11  NPC   PC    SC   REGA   REGB    CMDREG      MEMREG   MEM16REG       BUS
2023/01/04 21:30:11 [ 1 ] [ 1 ] [ 4 ] [ 0 ] [ fa ] [ 00000001 ]  [ 00000001 ]  [ 10110001 ] [ 00010001 ]
2023/01/04 21:30:11  AIE AOE BIE BOE MIE MOE MVE M16 CIE COE PMI PMO PMC
2023/01/04 21:30:11  [0] [0] [0] [0] [1] [0] [0] [1] [0] [0] [0] [0] [0]
2023/01/04 21:30:11 ---------------------------------------------------------------------------
2023/01/04 21:30:13 [00100101|00010001|00110000|00010000|00010101|00100101|00010110|00010001|00110000|01000000|11111111|11111111|11111111|11111111|10101010|00001110|00010010|11111111|00000011|11111010]
2023/01/04 21:30:13  NPC   PC    SC   REGA   REGB    CMDREG      MEMREG   MEM16REG       BUS
2023/01/04 21:30:13 [ 1 ] [ 1 ] [ 5 ] [ 0 ] [ fa ] [ 00000001 ]  [ 00000001 ]  [ 10110001 ] [ 00010001 ]
2023/01/04 21:30:13  AIE AOE BIE BOE MIE MOE MVE M16 CIE COE PMI PMO PMC
2023/01/04 21:30:13  [0] [0] [0] [0] [0] [1] [1] [0] [0] [0] [0] [0] [0]
2023/01/04 21:30:13 ---------------------------------------------------------------------------
2023/01/04 21:30:15 [00100101|00010001|00110000|00010000|00010101|00100101|00010110|00010001|00110000|01000000|11111111|11111111|11111111|11111111|10101010|00001110|00010010|11111111|00000011|11111010]
2023/01/04 21:30:15  NPC   PC    SC   REGA   REGB    CMDREG      MEMREG   MEM16REG       BUS
2023/01/04 21:30:15 [ 1 ] [ 1 ] [ 6 ] [ 0 ] [ fa ] [ 00000001 ]  [ 00000001 ]  [ 10110001 ] [ 00001110 ]
2023/01/04 21:30:15  AIE AOE BIE BOE MIE MOE MVE M16 CIE COE PMI PMO PMC
2023/01/04 21:30:15  [1] [0] [0] [0] [0] [0] [0] [0] [0] [0] [0] [0] [0]
2023/01/04 21:30:15 ---------------------------------------------------------------------------
2023/01/04 21:30:17 [00100101|00010001|00110000|00010000|00010101|00100101|00010110|00010001|00110000|01000000|11111111|11111111|11111111|11111111|10101010|00001110|00010010|11111111|00000011|11111010]
2023/01/04 21:30:17  NPC   PC    SC   REGA   REGB    CMDREG      MEMREG   MEM16REG       BUS
2023/01/04 21:30:17 [ 1 ] [ 1 ] [ 7 ] [ e ] [ fa ] [ 00000001 ]  [ 00000001 ]  [ 10110001 ] [ 00001110 ]
2023/01/04 21:30:17  AIE AOE BIE BOE MIE MOE MVE M16 CIE COE PMI PMO PMC
2023/01/04 21:30:17  [0] [0] [0] [0] [0] [0] [0] [0] [0] [0] [0] [0] [0]
2023/01/04 21:30:17 ---------------------------------------------------------------------------
2023/01/04 21:30:19 [00100101|00010001|00110000|00010000|00010101|00100101|00010110|00010001|00110000|01000000|11111111|11111111|11111111|11111111|10101010|00001110|00010010|11111111|00000011|11111010]
2023/01/04 21:30:19  NPC   PC    SC   REGA   REGB    CMDREG      MEMREG   MEM16REG       BUS
2023/01/04 21:30:19 [ 2 ] [ 2 ] [ 0 ] [ e ] [ fa ] [ 00000001 ]  [ 00000001 ]  [ 10110001 ] [ 00001110 ]
2023/01/04 21:30:19  AIE AOE BIE BOE MIE MOE MVE M16 CIE COE PMI PMO PMC
2023/01/04 21:30:19  [0] [0] [0] [0] [0] [0] [0] [0] [0] [0] [0] [1] [0]
2023/01/04 21:30:19 ---------------------------------------------------------------------------
2023/01/04 21:30:21 [00100101|00010001|00110000|00010000|00010101|00100101|00010110|00010001|00110000|01000000|11111111|11111111|11111111|11111111|10101010|00001110|00010010|11111111|00000011|11111010]
2023/01/04 21:30:21  NPC   PC    SC   REGA   REGB    CMDREG      MEMREG   MEM16REG       BUS
2023/01/04 21:30:21 [ 2 ] [ 2 ] [ 1 ] [ e ] [ fa ] [ 00000001 ]  [ 00000001 ]  [ 10110001 ] [ 00000010 ]
2023/01/04 21:30:21  AIE AOE BIE BOE MIE MOE MVE M16 CIE COE PMI PMO PMC
2023/01/04 21:30:21  [0] [0] [0] [0] [1] [0] [0] [0] [0] [0] [0] [0] [0]
2023/01/04 21:30:21 ---------------------------------------------------------------------------
2023/01/04 21:30:23 [00100101|00010001|00110000|00010000|00010101|00100101|00010110|00010001|00110000|01000000|11111111|11111111|11111111|11111111|10101010|00001110|00010010|11111111|00000011|11111010]
2023/01/04 21:30:23  NPC   PC    SC   REGA   REGB    CMDREG      MEMREG   MEM16REG       BUS
2023/01/04 21:30:23 [ 2 ] [ 2 ] [ 2 ] [ e ] [ fa ] [ 00000001 ]  [ 00000010 ]  [ 11000001 ] [ 00000010 ]
2023/01/04 21:30:23  AIE AOE BIE BOE MIE MOE MVE M16 CIE COE PMI PMO PMC
2023/01/04 21:30:23  [0] [0] [0] [0] [0] [1] [0] [0] [0] [0] [0] [0] [0]
2023/01/04 21:30:23 ---------------------------------------------------------------------------
2023/01/04 21:30:25 [00100101|00010001|00110000|00010000|00010101|00100101|00010110|00010001|00110000|01000000|11111111|11111111|11111111|11111111|10101010|00001110|00010010|11111111|00000011|11111010]
2023/01/04 21:30:25  NPC   PC    SC   REGA   REGB    CMDREG      MEMREG   MEM16REG       BUS
2023/01/04 21:30:25 [ 2 ] [ 2 ] [ 3 ] [ e ] [ fa ] [ 00000001 ]  [ 00000010 ]  [ 11000001 ] [ 00110000 ]
2023/01/04 21:30:25  AIE AOE BIE BOE MIE MOE MVE M16 CIE COE PMI PMO PMC
2023/01/04 21:30:25  [0] [0] [0] [0] [0] [0] [0] [0] [1] [0] [0] [0] [0]
2023/01/04 21:30:25 ---------------------------------------------------------------------------
2023/01/04 21:30:27 [00100101|00010001|00110000|00010000|00010101|00100101|00010110|00010001|00110000|01000000|11111111|11111111|11111111|11111111|10101010|00001110|00010010|11111111|00000011|11111010]
2023/01/04 21:30:27  NPC   PC    SC   REGA   REGB    CMDREG      MEMREG   MEM16REG       BUS
2023/01/04 21:30:27 [ 2 ] [ 2 ] [ 4 ] [ e ] [ fa ] [ 00000011 ]  [ 00000010 ]  [ 11000001 ] [ 00110000 ]
2023/01/04 21:30:27  AIE AOE BIE BOE MIE MOE MVE M16 CIE COE PMI PMO PMC
2023/01/04 21:30:27  [0] [0] [0] [0] [1] [0] [0] [1] [0] [0] [0] [0] [0]
2023/01/04 21:30:27 ---------------------------------------------------------------------------
2023/01/04 21:30:29 [00100101|00010001|00110000|00010000|00010101|00100101|00010110|00010001|00110000|01000000|11111111|11111111|11111111|11111111|10101010|00001110|00010010|11111111|00000011|11111010]
2023/01/04 21:30:29  NPC   PC    SC   REGA   REGB    CMDREG      MEMREG   MEM16REG       BUS
2023/01/04 21:30:29 [ 2 ] [ 2 ] [ 5 ] [ e ] [ fa ] [ 00000011 ]  [ 00000000 ]  [ 11000001 ] [ 00110000 ]
2023/01/04 21:30:29  AIE AOE BIE BOE MIE MOE MVE M16 CIE COE PMI PMO PMC
2023/01/04 21:30:29  [0] [0] [0] [0] [0] [1] [1] [0] [0] [0] [0] [0] [0]
2023/01/04 21:30:29 ---------------------------------------------------------------------------
2023/01/04 21:30:31 [00100101|00010001|00110000|00010000|00010101|00100101|00010110|00010001|00110000|01000000|11111111|11111111|11111111|11111111|10101010|00001110|00010010|11111111|00000011|11111010]
2023/01/04 21:30:31  NPC   PC    SC   REGA   REGB    CMDREG      MEMREG   MEM16REG       BUS
2023/01/04 21:30:31 [ 2 ] [ 2 ] [ 6 ] [ e ] [ fa ] [ 00000011 ]  [ 00000000 ]  [ 11000001 ] [ 10101010 ]
2023/01/04 21:30:31  AIE AOE BIE BOE MIE MOE MVE M16 CIE COE PMI PMO PMC
2023/01/04 21:30:31  [0] [1] [1] [0] [0] [0] [0] [0] [0] [0] [0] [0] [0]
2023/01/04 21:30:31 ---------------------------------------------------------------------------
